<?xml version="1.0" encoding="UTF-8"?>
<!-- Generated by org.testng.reporters.JUnitXMLReporter -->
<testsuite hostname="RK" ignored="0" name="Test" tests="8" failures="0" timestamp="22 Apr 2018 20:48:06 GMT" time="223.616" errors="0">
  <testcase name="displayTitleTest" time="0.037" classname="net.phptravels.testpages.LoginPageTest"/>
  <testcase name="verifyLoginNameTest" time="5.46" classname="net.phptravels.testpages.AccountPageTest"/>
  <testcase name="loginPassTest" time="0.974" classname="net.phptravels.testpages.LoginPageTest"/>
  <testcase name="clickHomeLogoTest" time="4.125" classname="net.phptravels.testpages.AccountPageTest"/>
  <testcase name="loginFailTest" time="1.527" classname="net.phptravels.testpages.LoginPageTest"/>
  <testcase name="searchHotelTest" time="18.626" classname="net.phptravels.testpages.HomePageTest"/>
  <testcase name="searchHotelTestEdgeCase1" time="17.236" classname="net.phptravels.testpages.HomePageTest"/>
  <testcase name="searchHotelTestEdgeCase2" time="12.176" classname="net.phptravels.testpages.HomePageTest"/>
</testsuite> <!-- Test -->
