<?xml version="1.0" encoding="UTF-8"?>
<testng-results skipped="0" failed="0" ignored="0" total="8" passed="8">
  <reporter-output>
  </reporter-output>
  <suite name="Suite" duration-ms="223616" started-at="2018-04-22T20:44:22Z" finished-at="2018-04-22T20:48:06Z">
    <groups>
    </groups>
    <test name="Test" duration-ms="223616" started-at="2018-04-22T20:44:22Z" finished-at="2018-04-22T20:48:06Z">
      <class name="net.phptravels.testpages.HomePageTest">
        <test-method status="PASS" signature="setUp()[pri:0, instance:net.phptravels.testpages.HomePageTest@6d4b1c02]" name="setUp" is-config="true" duration-ms="17703" started-at="2018-04-22T16:46:22Z" finished-at="2018-04-22T16:46:39Z">
          <reporter-output>
          </reporter-output>
        </test-method> <!-- setUp -->
        <test-method status="PASS" signature="searchHotelTest()[pri:3, instance:net.phptravels.testpages.HomePageTest@6d4b1c02]" name="searchHotelTest" duration-ms="18626" started-at="2018-04-22T16:46:39Z" finished-at="2018-04-22T16:46:58Z">
          <reporter-output>
          </reporter-output>
        </test-method> <!-- searchHotelTest -->
        <test-method status="PASS" signature="tearDown()[pri:0, instance:net.phptravels.testpages.HomePageTest@6d4b1c02]" name="tearDown" is-config="true" duration-ms="637" started-at="2018-04-22T16:46:58Z" finished-at="2018-04-22T16:46:59Z">
          <reporter-output>
          </reporter-output>
        </test-method> <!-- tearDown -->
        <test-method status="PASS" signature="setUp()[pri:0, instance:net.phptravels.testpages.HomePageTest@6d4b1c02]" name="setUp" is-config="true" duration-ms="20808" started-at="2018-04-22T16:46:59Z" finished-at="2018-04-22T16:47:20Z">
          <reporter-output>
          </reporter-output>
        </test-method> <!-- setUp -->
        <test-method status="PASS" signature="searchHotelTestEdgeCase1()[pri:4, instance:net.phptravels.testpages.HomePageTest@6d4b1c02]" name="searchHotelTestEdgeCase1" duration-ms="17236" started-at="2018-04-22T16:47:20Z" finished-at="2018-04-22T16:47:37Z">
          <reporter-output>
          </reporter-output>
        </test-method> <!-- searchHotelTestEdgeCase1 -->
        <test-method status="PASS" signature="tearDown()[pri:0, instance:net.phptravels.testpages.HomePageTest@6d4b1c02]" name="tearDown" is-config="true" duration-ms="518" started-at="2018-04-22T16:47:37Z" finished-at="2018-04-22T16:47:37Z">
          <reporter-output>
          </reporter-output>
        </test-method> <!-- tearDown -->
        <test-method status="PASS" signature="setUp()[pri:0, instance:net.phptravels.testpages.HomePageTest@6d4b1c02]" name="setUp" is-config="true" duration-ms="15995" started-at="2018-04-22T16:47:37Z" finished-at="2018-04-22T16:47:53Z">
          <reporter-output>
          </reporter-output>
        </test-method> <!-- setUp -->
        <test-method status="PASS" signature="searchHotelTestEdgeCase2()[pri:5, instance:net.phptravels.testpages.HomePageTest@6d4b1c02]" name="searchHotelTestEdgeCase2" duration-ms="12176" started-at="2018-04-22T16:47:53Z" finished-at="2018-04-22T16:48:06Z">
          <reporter-output>
          </reporter-output>
        </test-method> <!-- searchHotelTestEdgeCase2 -->
        <test-method status="PASS" signature="tearDown()[pri:0, instance:net.phptravels.testpages.HomePageTest@6d4b1c02]" name="tearDown" is-config="true" duration-ms="413" started-at="2018-04-22T16:48:06Z" finished-at="2018-04-22T16:48:06Z">
          <reporter-output>
          </reporter-output>
        </test-method> <!-- tearDown -->
      </class> <!-- net.phptravels.testpages.HomePageTest -->
      <class name="net.phptravels.testpages.LoginPageTest">
        <test-method status="PASS" signature="setUp()[pri:0, instance:net.phptravels.testpages.LoginPageTest@6a41eaa2]" name="setUp" is-config="true" duration-ms="21158" started-at="2018-04-22T16:44:22Z" finished-at="2018-04-22T16:44:44Z">
          <reporter-output>
          </reporter-output>
        </test-method> <!-- setUp -->
        <test-method status="PASS" signature="displayTitleTest()[pri:1, instance:net.phptravels.testpages.LoginPageTest@6a41eaa2]" name="displayTitleTest" duration-ms="37" started-at="2018-04-22T16:44:44Z" finished-at="2018-04-22T16:44:44Z">
          <reporter-output>
          </reporter-output>
        </test-method> <!-- displayTitleTest -->
        <test-method status="PASS" signature="tearDown()[pri:0, instance:net.phptravels.testpages.LoginPageTest@6a41eaa2]" name="tearDown" is-config="true" duration-ms="359" started-at="2018-04-22T16:44:44Z" finished-at="2018-04-22T16:44:44Z">
          <reporter-output>
          </reporter-output>
        </test-method> <!-- tearDown -->
        <test-method status="PASS" signature="setUp()[pri:0, instance:net.phptravels.testpages.LoginPageTest@6a41eaa2]" name="setUp" is-config="true" duration-ms="20166" started-at="2018-04-22T16:45:11Z" finished-at="2018-04-22T16:45:31Z">
          <reporter-output>
          </reporter-output>
        </test-method> <!-- setUp -->
        <test-method status="PASS" signature="loginPassTest()[pri:2, instance:net.phptravels.testpages.LoginPageTest@6a41eaa2]" name="loginPassTest" duration-ms="974" started-at="2018-04-22T16:45:31Z" finished-at="2018-04-22T16:45:32Z">
          <reporter-output>
          </reporter-output>
        </test-method> <!-- loginPassTest -->
        <test-method status="PASS" signature="tearDown()[pri:0, instance:net.phptravels.testpages.LoginPageTest@6a41eaa2]" name="tearDown" is-config="true" duration-ms="479" started-at="2018-04-22T16:45:32Z" finished-at="2018-04-22T16:45:32Z">
          <reporter-output>
          </reporter-output>
        </test-method> <!-- tearDown -->
        <test-method status="PASS" signature="setUp()[pri:0, instance:net.phptravels.testpages.LoginPageTest@6a41eaa2]" name="setUp" is-config="true" duration-ms="22010" started-at="2018-04-22T16:45:58Z" finished-at="2018-04-22T16:46:20Z">
          <reporter-output>
          </reporter-output>
        </test-method> <!-- setUp -->
        <test-method status="PASS" signature="loginFailTest()[pri:3, instance:net.phptravels.testpages.LoginPageTest@6a41eaa2]" name="loginFailTest" duration-ms="1527" started-at="2018-04-22T16:46:20Z" finished-at="2018-04-22T16:46:21Z">
          <reporter-output>
          </reporter-output>
        </test-method> <!-- loginFailTest -->
        <test-method status="PASS" signature="tearDown()[pri:0, instance:net.phptravels.testpages.LoginPageTest@6a41eaa2]" name="tearDown" is-config="true" duration-ms="563" started-at="2018-04-22T16:46:21Z" finished-at="2018-04-22T16:46:22Z">
          <reporter-output>
          </reporter-output>
        </test-method> <!-- tearDown -->
      </class> <!-- net.phptravels.testpages.LoginPageTest -->
      <class name="net.phptravels.testpages.AccountPageTest">
        <test-method status="PASS" signature="setup()[pri:0, instance:net.phptravels.testpages.AccountPageTest@7cd62f43]" name="setup" is-config="true" duration-ms="20772" started-at="2018-04-22T16:44:44Z" finished-at="2018-04-22T16:45:05Z">
          <reporter-output>
          </reporter-output>
        </test-method> <!-- setup -->
        <test-method status="PASS" signature="verifyLoginNameTest()[pri:1, instance:net.phptravels.testpages.AccountPageTest@7cd62f43]" name="verifyLoginNameTest" duration-ms="5460" started-at="2018-04-22T16:45:05Z" finished-at="2018-04-22T16:45:10Z">
          <reporter-output>
          </reporter-output>
        </test-method> <!-- verifyLoginNameTest -->
        <test-method status="PASS" signature="tearDown()[pri:0, instance:net.phptravels.testpages.AccountPageTest@7cd62f43]" name="tearDown" is-config="true" duration-ms="439" started-at="2018-04-22T16:45:10Z" finished-at="2018-04-22T16:45:11Z">
          <reporter-output>
          </reporter-output>
        </test-method> <!-- tearDown -->
        <test-method status="PASS" signature="setup()[pri:0, instance:net.phptravels.testpages.AccountPageTest@7cd62f43]" name="setup" is-config="true" duration-ms="20777" started-at="2018-04-22T16:45:32Z" finished-at="2018-04-22T16:45:53Z">
          <reporter-output>
          </reporter-output>
        </test-method> <!-- setup -->
        <test-method status="PASS" signature="clickHomeLogoTest()[pri:2, instance:net.phptravels.testpages.AccountPageTest@7cd62f43]" name="clickHomeLogoTest" duration-ms="4125" started-at="2018-04-22T16:45:53Z" finished-at="2018-04-22T16:45:57Z">
          <reporter-output>
          </reporter-output>
        </test-method> <!-- clickHomeLogoTest -->
        <test-method status="PASS" signature="tearDown()[pri:0, instance:net.phptravels.testpages.AccountPageTest@7cd62f43]" name="tearDown" is-config="true" duration-ms="540" started-at="2018-04-22T16:45:57Z" finished-at="2018-04-22T16:45:58Z">
          <reporter-output>
          </reporter-output>
        </test-method> <!-- tearDown -->
      </class> <!-- net.phptravels.testpages.AccountPageTest -->
    </test> <!-- Test -->
  </suite> <!-- Suite -->
</testng-results>
